[25/Sep/2020:11:33:16] (I): WordPress Instance Info:
[25/Sep/2020:11:33:16] (I): Home URL : http://localhost/wordpress
[25/Sep/2020:11:33:16] (I): Site URL : http://localhost/wordpress
[25/Sep/2020:11:33:16] (I): WordPress Version : 5.5.1
[25/Sep/2020:11:33:16] (I): Onboarding Version : 1.0.10
[25/Sep/2020:11:33:16] (I): Multisite : No
[25/Sep/2020:11:33:16] (I): Server Info : Apache/2.4.41 (Win64) OpenSSL/1.1.1c PHP/7.3.9
[25/Sep/2020:11:33:16] (I): PHP Version : 7.3.9
[25/Sep/2020:11:33:16] (I): HTTPS : No
[25/Sep/2020:11:33:16] (I): PHP Max Execution Time : 30
[25/Sep/2020:11:33:16] (I): PHP Max Input Vars : 1000
[25/Sep/2020:11:33:16] (I): Max Upload Size : 2097152
[25/Sep/2020:11:33:16] (I): Plugins:
[25/Sep/2020:11:33:16] (I): [PLUGIN] Elementor : v3.0.10 (Elementor.com)
[25/Sep/2020:11:33:16] (I): [PLUGIN] Gutenberg Blocks and Template Library by Otter : v1.5.8 (ThemeIsle)
[25/Sep/2020:11:33:16] (I): [PLUGIN] Templates Patterns Collection : v1.0.10 (ThemeIsle)
[25/Sep/2020:11:33:16] (I): [PLUGIN] Orbit Fox Companion : v2.9.18 (Themeisle)
[25/Sep/2020:11:33:16] (I): [PLUGIN] WPForms Lite : v1.6.2.3 (WPForms)
[25/Sep/2020:11:33:16] (P): Saving remote XML
[25/Sep/2020:11:33:17] (S): Saved remote XML at path C:\xampp\htdocs\wordpress/wp-content/uploads/themeisle-demo-import.xml.
[25/Sep/2020:11:33:17] (P): Starting content import...
[25/Sep/2020:11:33:17] (S): Import started.
[25/Sep/2020:11:33:17] (S): Parsing XML file.
[25/Sep/2020:11:33:17] (P): Starting parsing file:C:\xampp\htdocs\wordpress/wp-content/uploads/themeisle-demo-import.xml
[25/Sep/2020:11:33:17] (P): Using WXR_Parser_SimpleXML...
[25/Sep/2020:11:33:17] (S): Parsed XML
[25/Sep/2020:11:33:17] (P): Processing categories...
[25/Sep/2020:11:33:17] (S): Processed categories.
[25/Sep/2020:11:33:17] (P): Processing tags...
[25/Sep/2020:11:33:17] (S): No tags to process.
[25/Sep/2020:11:33:17] (P): Processing terms...
[25/Sep/2020:11:33:17] (W): Failed to import product_tag apple
[25/Sep/2020:11:33:17] (E): Taxonomie non valide.
[25/Sep/2020:11:33:17] (W): Failed to import product_tag bananas
[25/Sep/2020:11:33:17] (E): Taxonomie non valide.
[25/Sep/2020:11:33:17] (W): Failed to import product_tag bannanas
[25/Sep/2020:11:33:17] (E): Taxonomie non valide.
[25/Sep/2020:11:33:17] (W): Failed to import product_tag beet
[25/Sep/2020:11:33:17] (E): Taxonomie non valide.
[25/Sep/2020:11:33:17] (W): Failed to import product_tag carrot
[25/Sep/2020:11:33:17] (E): Taxonomie non valide.
[25/Sep/2020:11:33:17] (W): Failed to import product_tag cucumber
[25/Sep/2020:11:33:17] (E): Taxonomie non valide.
[25/Sep/2020:11:33:17] (W): Failed to import product_visibility exclude-from-catalog
[25/Sep/2020:11:33:17] (E): Taxonomie non valide.
[25/Sep/2020:11:33:17] (W): Failed to import product_visibility exclude-from-search
[25/Sep/2020:11:33:17] (E): Taxonomie non valide.
[25/Sep/2020:11:33:17] (W): Failed to import product_type external
[25/Sep/2020:11:33:17] (E): Taxonomie non valide.
[25/Sep/2020:11:33:17] (W): Failed to import product_visibility featured
[25/Sep/2020:11:33:17] (E): Taxonomie non valide.
[25/Sep/2020:11:33:17] (W): Failed to import product_tag fersh
[25/Sep/2020:11:33:17] (E): Taxonomie non valide.
[25/Sep/2020:11:33:17] (W): Failed to import product_tag fresh
[25/Sep/2020:11:33:17] (E): Taxonomie non valide.
[25/Sep/2020:11:33:17] (W): Failed to import product_cat Fresh
[25/Sep/2020:11:33:17] (E): Taxonomie non valide.
[25/Sep/2020:11:33:17] (W): Failed to import product_tag fruits
[25/Sep/2020:11:33:17] (E): Taxonomie non valide.
[25/Sep/2020:11:33:17] (W): Failed to import product_cat Fruits smoothies
[25/Sep/2020:11:33:17] (E): Taxonomie non valide.
[25/Sep/2020:11:33:17] (W): Failed to import product_type grouped
[25/Sep/2020:11:33:17] (E): Taxonomie non valide.
[25/Sep/2020:11:33:17] (W): Failed to import product_tag healthy
[25/Sep/2020:11:33:17] (E): Taxonomie non valide.
[25/Sep/2020:11:33:17] (W): Failed to import product_tag kiwi
[25/Sep/2020:11:33:17] (E): Taxonomie non valide.
[25/Sep/2020:11:33:17] (W): Failed to import product_tag lemon
[25/Sep/2020:11:33:17] (E): Taxonomie non valide.
[25/Sep/2020:11:33:17] (W): Failed to import product_tag lemons
[25/Sep/2020:11:33:17] (E): Taxonomie non valide.
[25/Sep/2020:11:33:17] (W): Failed to import product_tag lime
[25/Sep/2020:11:33:17] (E): Taxonomie non valide.
[25/Sep/2020:11:33:17] (W): Failed to import product_cat Mix
[25/Sep/2020:11:33:17] (E): Taxonomie non valide.
[25/Sep/2020:11:33:17] (W): Failed to import product_tag mix
[25/Sep/2020:11:33:17] (E): Taxonomie non valide.
[25/Sep/2020:11:33:17] (W): Failed to import product_tag oranges
[25/Sep/2020:11:33:17] (E): Taxonomie non valide.
[25/Sep/2020:11:33:17] (W): Failed to import product_visibility outofstock
[25/Sep/2020:11:33:17] (E): Taxonomie non valide.
[25/Sep/2020:11:33:17] (W): Failed to import product_tag peppermint
[25/Sep/2020:11:33:17] (E): Taxonomie non valide.
[25/Sep/2020:11:33:17] (W): Failed to import product_visibility rated-1
[25/Sep/2020:11:33:17] (E): Taxonomie non valide.
[25/Sep/2020:11:33:17] (W): Failed to import product_visibility rated-2
[25/Sep/2020:11:33:17] (E): Taxonomie non valide.
[25/Sep/2020:11:33:17] (W): Failed to import product_visibility rated-3
[25/Sep/2020:11:33:17] (E): Taxonomie non valide.
[25/Sep/2020:11:33:17] (W): Failed to import product_visibility rated-4
[25/Sep/2020:11:33:17] (E): Taxonomie non valide.
[25/Sep/2020:11:33:17] (W): Failed to import product_visibility rated-5
[25/Sep/2020:11:33:17] (E): Taxonomie non valide.
[25/Sep/2020:11:33:17] (W): Failed to import product_tag seed
[25/Sep/2020:11:33:17] (E): Taxonomie non valide.
[25/Sep/2020:11:33:17] (W): Failed to import product_type simple
[25/Sep/2020:11:33:17] (E): Taxonomie non valide.
[25/Sep/2020:11:33:17] (W): Failed to import product_tag smoothie
[25/Sep/2020:11:33:17] (E): Taxonomie non valide.
[25/Sep/2020:11:33:17] (W): Failed to import product_tag strawberry
[25/Sep/2020:11:33:17] (E): Taxonomie non valide.
[25/Sep/2020:11:33:17] (W): Failed to import product_tag sugar
[25/Sep/2020:11:33:17] (E): Taxonomie non valide.
[25/Sep/2020:11:33:17] (W): Failed to import product_tag sweet
[25/Sep/2020:11:33:17] (E): Taxonomie non valide.
[25/Sep/2020:11:33:17] (W): Failed to import product_cat Uncategorized
[25/Sep/2020:11:33:17] (E): Taxonomie non valide.
[25/Sep/2020:11:33:17] (W): Failed to import product_type variable
[25/Sep/2020:11:33:17] (E): Taxonomie non valide.
[25/Sep/2020:11:33:17] (W): Failed to import product_tag vegetables
[25/Sep/2020:11:33:17] (E): Taxonomie non valide.
[25/Sep/2020:11:33:17] (W): Failed to import product_cat Vegetables smoothies
[25/Sep/2020:11:33:17] (E): Taxonomie non valide.
[25/Sep/2020:11:33:17] (W): Failed to import product_tag water
[25/Sep/2020:11:33:17] (E): Taxonomie non valide.
[25/Sep/2020:11:33:17] (S): Processed terms.
[25/Sep/2020:11:33:17] (P): Processing posts...
[25/Sep/2020:11:33:17] (P): Processing attachment: https://s33834.pcdn.co/onboarding/wp-content/uploads/sites/173/2018/11/neve-facebook.png...
[25/Sep/2020:11:33:17] (P): Fetching attachment from url: https://s33834.pcdn.co/onboarding/wp-content/uploads/sites/173/2018/11/neve-facebook.png...
[25/Sep/2020:11:33:17] (S): Fetched remote attachment.
[25/Sep/2020:11:33:17] (P): Inserting attachment...
[25/Sep/2020:11:33:17] (S): Attachment inserted
[25/Sep/2020:11:33:17] (S): Processed attachment.
[25/Sep/2020:11:33:17] (P): Processing attachment: https://s33834.pcdn.co/onboarding/wp-content/uploads/sites/173/2018/11/neve-twitter.png...
[25/Sep/2020:11:33:17] (P): Fetching attachment from url: https://s33834.pcdn.co/onboarding/wp-content/uploads/sites/173/2018/11/neve-twitter.png...
[25/Sep/2020:11:33:17] (S): Fetched remote attachment.
[25/Sep/2020:11:33:17] (P): Inserting attachment...
[25/Sep/2020:11:33:17] (S): Attachment inserted
[25/Sep/2020:11:33:17] (S): Processed attachment.
[25/Sep/2020:11:33:17] (P): Processing attachment: https://s33834.pcdn.co/onboarding/wp-content/uploads/sites/173/2018/11/neve-instagram.png...
[25/Sep/2020:11:33:17] (P): Fetching attachment from url: https://s33834.pcdn.co/onboarding/wp-content/uploads/sites/173/2018/11/neve-instagram.png...
[25/Sep/2020:11:33:17] (S): Fetched remote attachment.
[25/Sep/2020:11:33:17] (P): Inserting attachment...
[25/Sep/2020:11:33:17] (S): Attachment inserted
[25/Sep/2020:11:33:17] (S): Processed attachment.
[25/Sep/2020:11:33:17] (P): Processing attachment: https://s33834.pcdn.co/onboarding/wp-content/uploads/sites/173/2018/11/neve-googleplus.png...
[25/Sep/2020:11:33:17] (P): Fetching attachment from url: https://s33834.pcdn.co/onboarding/wp-content/uploads/sites/173/2018/11/neve-googleplus.png...
[25/Sep/2020:11:33:17] (S): Fetched remote attachment.
[25/Sep/2020:11:33:17] (P): Inserting attachment...
[25/Sep/2020:11:33:17] (S): Attachment inserted
[25/Sep/2020:11:33:17] (S): Processed attachment.
[25/Sep/2020:11:33:17] (P): Processing attachment: https://s33834.pcdn.co/onboarding/wp-content/uploads/sites/173/2018/11/neve-play.png...
[25/Sep/2020:11:33:17] (P): Fetching attachment from url: https://s33834.pcdn.co/onboarding/wp-content/uploads/sites/173/2018/11/neve-play.png...
[25/Sep/2020:11:33:17] (S): Fetched remote attachment.
[25/Sep/2020:11:33:17] (P): Inserting attachment...
[25/Sep/2020:11:33:17] (S): Attachment inserted
[25/Sep/2020:11:33:17] (S): Processed attachment.
[25/Sep/2020:11:33:17] (P): Processing attachment: https://s33834.pcdn.co/onboarding/wp-content/uploads/sites/173/2018/12/nv-1.jpg...
[25/Sep/2020:11:33:17] (P): Fetching attachment from url: https://s33834.pcdn.co/onboarding/wp-content/uploads/sites/173/2018/12/nv-1.jpg...
[25/Sep/2020:11:33:18] (S): Fetched remote attachment.
[25/Sep/2020:11:33:18] (P): Inserting attachment...
[25/Sep/2020:11:33:18] (S): Attachment inserted
[25/Sep/2020:11:33:18] (S): Processed attachment.
[25/Sep/2020:11:33:18] (P): Processing attachment: https://s33834.pcdn.co/onboarding/wp-content/uploads/sites/173/2018/12/neve-business-growth-1.png...
[25/Sep/2020:11:33:18] (P): Fetching attachment from url: https://s33834.pcdn.co/onboarding/wp-content/uploads/sites/173/2018/12/neve-business-growth-1.png...
[25/Sep/2020:11:33:18] (S): Fetched remote attachment.
[25/Sep/2020:11:33:18] (P): Inserting attachment...
[25/Sep/2020:11:33:18] (S): Attachment inserted
[25/Sep/2020:11:33:18] (S): Processed attachment.
[25/Sep/2020:11:33:18] (P): Processing attachment: https://s33834.pcdn.co/onboarding/wp-content/uploads/sites/173/2018/12/neve-dollar-1.png...
[25/Sep/2020:11:33:18] (P): Fetching attachment from url: https://s33834.pcdn.co/onboarding/wp-content/uploads/sites/173/2018/12/neve-dollar-1.png...
[25/Sep/2020:11:33:18] (S): Fetched remote attachment.
[25/Sep/2020:11:33:18] (P): Inserting attachment...
[25/Sep/2020:11:33:18] (S): Attachment inserted
[25/Sep/2020:11:33:18] (S): Processed attachment.
[25/Sep/2020:11:33:18] (P): Processing attachment: https://s33834.pcdn.co/onboarding/wp-content/uploads/sites/173/2018/12/neve-clock-1.png...
[25/Sep/2020:11:33:18] (P): Fetching attachment from url: https://s33834.pcdn.co/onboarding/wp-content/uploads/sites/173/2018/12/neve-clock-1.png...
[25/Sep/2020:11:33:18] (S): Fetched remote attachment.
[25/Sep/2020:11:33:18] (P): Inserting attachment...
[25/Sep/2020:11:33:18] (S): Attachment inserted
[25/Sep/2020:11:33:18] (S): Processed attachment.
[25/Sep/2020:11:33:18] (P): Processing attachment: https://s33834.pcdn.co/onboarding/wp-content/uploads/sites/173/2018/12/neve-smile-1.png...
[25/Sep/2020:11:33:18] (P): Fetching attachment from url: https://s33834.pcdn.co/onboarding/wp-content/uploads/sites/173/2018/12/neve-smile-1.png...
[25/Sep/2020:11:33:18] (S): Fetched remote attachment.
[25/Sep/2020:11:33:18] (P): Inserting attachment...
[25/Sep/2020:11:33:18] (S): Attachment inserted
[25/Sep/2020:11:33:18] (S): Processed attachment.
[25/Sep/2020:11:33:18] (P): Processing attachment: https://s33834.pcdn.co/onboarding/wp-content/uploads/sites/173/2018/12/neve-envelope-1.png...
[25/Sep/2020:11:33:18] (P): Fetching attachment from url: https://s33834.pcdn.co/onboarding/wp-content/uploads/sites/173/2018/12/neve-envelope-1.png...
[25/Sep/2020:11:33:18] (S): Fetched remote attachment.
[25/Sep/2020:11:33:18] (P): Inserting attachment...
[25/Sep/2020:11:33:19] (S): Attachment inserted
[25/Sep/2020:11:33:19] (S): Processed attachment.
[25/Sep/2020:11:33:19] (P): Processing attachment: https://s33834.pcdn.co/onboarding/wp-content/uploads/sites/173/2018/12/neve-map-1.png...
[25/Sep/2020:11:33:19] (P): Fetching attachment from url: https://s33834.pcdn.co/onboarding/wp-content/uploads/sites/173/2018/12/neve-map-1.png...
[25/Sep/2020:11:33:19] (S): Fetched remote attachment.
[25/Sep/2020:11:33:19] (P): Inserting attachment...
[25/Sep/2020:11:33:19] (S): Attachment inserted
[25/Sep/2020:11:33:19] (S): Processed attachment.
[25/Sep/2020:11:33:19] (P): Processing attachment: https://s33834.pcdn.co/onboarding/wp-content/uploads/sites/173/2018/12/neve-photography-1.png...
[25/Sep/2020:11:33:19] (P): Fetching attachment from url: https://s33834.pcdn.co/onboarding/wp-content/uploads/sites/173/2018/12/neve-photography-1.png...
[25/Sep/2020:11:33:19] (S): Fetched remote attachment.
[25/Sep/2020:11:33:19] (P): Inserting attachment...
[25/Sep/2020:11:33:19] (S): Attachment inserted
[25/Sep/2020:11:33:19] (S): Processed attachment.
[25/Sep/2020:11:33:19] (P): Processing attachment: https://s33834.pcdn.co/onboarding/wp-content/uploads/sites/173/2018/12/neve-phone-1.png...
[25/Sep/2020:11:33:19] (P): Fetching attachment from url: https://s33834.pcdn.co/onboarding/wp-content/uploads/sites/173/2018/12/neve-phone-1.png...
[25/Sep/2020:11:33:19] (S): Fetched remote attachment.
[25/Sep/2020:11:33:19] (P): Inserting attachment...
[25/Sep/2020:11:33:19] (S): Attachment inserted
[25/Sep/2020:11:33:19] (S): Processed attachment.
[25/Sep/2020:11:33:19] (P): Processing attachment: https://s33834.pcdn.co/onboarding/wp-content/uploads/sites/173/2018/12/neve-chart-up-1.png...
[25/Sep/2020:11:33:19] (P): Fetching attachment from url: https://s33834.pcdn.co/onboarding/wp-content/uploads/sites/173/2018/12/neve-chart-up-1.png...
[25/Sep/2020:11:33:19] (S): Fetched remote attachment.
[25/Sep/2020:11:33:19] (P): Inserting attachment...
[25/Sep/2020:11:33:19] (S): Attachment inserted
[25/Sep/2020:11:33:19] (S): Processed attachment.
[25/Sep/2020:11:33:19] (P): Processing attachment: https://s33834.pcdn.co/onboarding/wp-content/uploads/sites/173/2018/12/neve-user-1.png...
[25/Sep/2020:11:33:19] (P): Fetching attachment from url: https://s33834.pcdn.co/onboarding/wp-content/uploads/sites/173/2018/12/neve-user-1.png...
[25/Sep/2020:11:33:19] (S): Fetched remote attachment.
[25/Sep/2020:11:33:19] (P): Inserting attachment...
[25/Sep/2020:11:33:19] (S): Attachment inserted
[25/Sep/2020:11:33:19] (S): Processed attachment.
[25/Sep/2020:11:33:19] (P): Processing attachment: https://s33834.pcdn.co/onboarding/wp-content/uploads/sites/173/2018/12/neve-heart-1.png...
[25/Sep/2020:11:33:19] (P): Fetching attachment from url: https://s33834.pcdn.co/onboarding/wp-content/uploads/sites/173/2018/12/neve-heart-1.png...
[25/Sep/2020:11:33:19] (S): Fetched remote attachment.
[25/Sep/2020:11:33:19] (P): Inserting attachment...
[25/Sep/2020:11:33:19] (S): Attachment inserted
[25/Sep/2020:11:33:19] (S): Processed attachment.
[25/Sep/2020:11:33:19] (P): Processing attachment: https://s33834.pcdn.co/onboarding/wp-content/uploads/sites/173/2018/12/neve-gift-1.png...
[25/Sep/2020:11:33:19] (P): Fetching attachment from url: https://s33834.pcdn.co/onboarding/wp-content/uploads/sites/173/2018/12/neve-gift-1.png...
[25/Sep/2020:11:33:19] (S): Fetched remote attachment.
[25/Sep/2020:11:33:19] (P): Inserting attachment...
[25/Sep/2020:11:33:19] (S): Attachment inserted
[25/Sep/2020:11:33:19] (S): Processed attachment.
[25/Sep/2020:11:33:19] (P): Processing attachment: https://s33834.pcdn.co/onboarding/wp-content/uploads/sites/173/2018/12/nv-5.jpg...
[25/Sep/2020:11:33:19] (P): Fetching attachment from url: https://s33834.pcdn.co/onboarding/wp-content/uploads/sites/173/2018/12/nv-5.jpg...
[25/Sep/2020:11:33:20] (S): Fetched remote attachment.
[25/Sep/2020:11:33:20] (P): Inserting attachment...
[25/Sep/2020:11:33:20] (S): Attachment inserted
[25/Sep/2020:11:33:20] (S): Processed attachment.
[25/Sep/2020:11:33:20] (P): Processing attachment: https://s33834.pcdn.co/onboarding/wp-content/uploads/sites/173/2018/12/nv-4.jpg...
[25/Sep/2020:11:33:20] (P): Fetching attachment from url: https://s33834.pcdn.co/onboarding/wp-content/uploads/sites/173/2018/12/nv-4.jpg...
[25/Sep/2020:11:33:20] (S): Fetched remote attachment.
[25/Sep/2020:11:33:20] (P): Inserting attachment...
[25/Sep/2020:11:33:20] (S): Attachment inserted
[25/Sep/2020:11:33:20] (S): Processed attachment.
[25/Sep/2020:11:33:20] (P): Processing attachment: https://s33834.pcdn.co/onboarding/wp-content/uploads/sites/173/2018/12/nv-6.jpg...
[25/Sep/2020:11:33:20] (P): Fetching attachment from url: https://s33834.pcdn.co/onboarding/wp-content/uploads/sites/173/2018/12/nv-6.jpg...
[25/Sep/2020:11:33:20] (S): Fetched remote attachment.
[25/Sep/2020:11:33:20] (P): Inserting attachment...
[25/Sep/2020:11:33:20] (S): Attachment inserted
[25/Sep/2020:11:33:20] (S): Processed attachment.
[25/Sep/2020:11:33:20] (P): Processing attachment: https://s33834.pcdn.co/onboarding/wp-content/uploads/sites/173/2018/12/nv-testimonial-signature.png...
[25/Sep/2020:11:33:20] (P): Fetching attachment from url: https://s33834.pcdn.co/onboarding/wp-content/uploads/sites/173/2018/12/nv-testimonial-signature.png...
[25/Sep/2020:11:33:20] (S): Fetched remote attachment.
[25/Sep/2020:11:33:20] (P): Inserting attachment...
[25/Sep/2020:11:33:20] (S): Attachment inserted
[25/Sep/2020:11:33:20] (S): Processed attachment.
[25/Sep/2020:11:33:20] (P): Processing attachment: https://s33834.pcdn.co/onboarding/wp-content/uploads/sites/173/2018/12/alexis-blockquote6.jpg...
[25/Sep/2020:11:33:20] (P): Fetching attachment from url: https://s33834.pcdn.co/onboarding/wp-content/uploads/sites/173/2018/12/alexis-blockquote6.jpg...
[25/Sep/2020:11:33:20] (S): Fetched remote attachment.
[25/Sep/2020:11:33:20] (P): Inserting attachment...
[25/Sep/2020:11:33:20] (S): Attachment inserted
[25/Sep/2020:11:33:20] (S): Processed attachment.
[25/Sep/2020:11:33:20] (P): Processing attachment: https://s33834.pcdn.co/onboarding/wp-content/uploads/sites/173/2018/12/neve-unlimited-revisions2.png...
[25/Sep/2020:11:33:20] (P): Fetching attachment from url: https://s33834.pcdn.co/onboarding/wp-content/uploads/sites/173/2018/12/neve-unlimited-revisions2.png...
[25/Sep/2020:11:33:20] (S): Fetched remote attachment.
[25/Sep/2020:11:33:20] (P): Inserting attachment...
[25/Sep/2020:11:33:20] (S): Attachment inserted
[25/Sep/2020:11:33:20] (S): Processed attachment.
[25/Sep/2020:11:33:20] (P): Processing attachment: https://s33834.pcdn.co/onboarding/wp-content/uploads/sites/173/2018/12/neve-ultimate-perfection-1.png...
[25/Sep/2020:11:33:20] (P): Fetching attachment from url: https://s33834.pcdn.co/onboarding/wp-content/uploads/sites/173/2018/12/neve-ultimate-perfection-1.png...
[25/Sep/2020:11:33:20] (S): Fetched remote attachment.
[25/Sep/2020:11:33:20] (P): Inserting attachment...
[25/Sep/2020:11:33:20] (S): Attachment inserted
[25/Sep/2020:11:33:20] (S): Processed attachment.
[25/Sep/2020:11:33:20] (P): Processing attachment: https://s33834.pcdn.co/onboarding/wp-content/uploads/sites/173/2018/12/neve-smart-experience1.png...
[25/Sep/2020:11:33:20] (P): Fetching attachment from url: https://s33834.pcdn.co/onboarding/wp-content/uploads/sites/173/2018/12/neve-smart-experience1.png...
[25/Sep/2020:11:33:21] (S): Fetched remote attachment.
[25/Sep/2020:11:33:21] (P): Inserting attachment...
[25/Sep/2020:11:33:21] (S): Attachment inserted
[25/Sep/2020:11:33:21] (S): Processed attachment.
[25/Sep/2020:11:33:21] (P): Processing attachment: https://s33834.pcdn.co/onboarding/wp-content/uploads/sites/173/2018/12/neve-strict-deadline1.png...
[25/Sep/2020:11:33:21] (P): Fetching attachment from url: https://s33834.pcdn.co/onboarding/wp-content/uploads/sites/173/2018/12/neve-strict-deadline1.png...
[25/Sep/2020:11:33:21] (S): Fetched remote attachment.
[25/Sep/2020:11:33:21] (P): Inserting attachment...
[25/Sep/2020:11:33:21] (S): Attachment inserted
[25/Sep/2020:11:33:21] (S): Processed attachment.
[25/Sep/2020:11:33:21] (P): Processing attachment: https://s33834.pcdn.co/onboarding/wp-content/uploads/sites/173/2018/12/neve-reputed-copmany1.png...
[25/Sep/2020:11:33:21] (P): Fetching attachment from url: https://s33834.pcdn.co/onboarding/wp-content/uploads/sites/173/2018/12/neve-reputed-copmany1.png...
[25/Sep/2020:11:33:21] (S): Fetched remote attachment.
[25/Sep/2020:11:33:21] (P): Inserting attachment...
[25/Sep/2020:11:33:21] (S): Attachment inserted
[25/Sep/2020:11:33:21] (S): Processed attachment.
[25/Sep/2020:11:33:21] (P): Processing attachment: https://s33834.pcdn.co/onboarding/wp-content/uploads/sites/173/2018/12/nv-team1-4.jpg...
[25/Sep/2020:11:33:21] (P): Fetching attachment from url: https://s33834.pcdn.co/onboarding/wp-content/uploads/sites/173/2018/12/nv-team1-4.jpg...
[25/Sep/2020:11:33:21] (S): Fetched remote attachment.
[25/Sep/2020:11:33:21] (P): Inserting attachment...
[25/Sep/2020:11:33:21] (S): Attachment inserted
[25/Sep/2020:11:33:21] (S): Processed attachment.
[25/Sep/2020:11:33:21] (P): Processing attachment: https://s33834.pcdn.co/onboarding/wp-content/uploads/sites/173/2018/12/nv-team2-1.jpg...
[25/Sep/2020:11:33:21] (P): Fetching attachment from url: https://s33834.pcdn.co/onboarding/wp-content/uploads/sites/173/2018/12/nv-team2-1.jpg...
[25/Sep/2020:11:33:21] (S): Fetched remote attachment.
[25/Sep/2020:11:33:21] (P): Inserting attachment...
[25/Sep/2020:11:33:21] (S): Attachment inserted
[25/Sep/2020:11:33:21] (S): Processed attachment.
[25/Sep/2020:11:33:21] (P): Processing attachment: https://s33834.pcdn.co/onboarding/wp-content/uploads/sites/173/2018/12/nv-team3-1.jpg...
[25/Sep/2020:11:33:21] (P): Fetching attachment from url: https://s33834.pcdn.co/onboarding/wp-content/uploads/sites/173/2018/12/nv-team3-1.jpg...
[25/Sep/2020:11:33:22] (S): Fetched remote attachment.
[25/Sep/2020:11:33:22] (P): Inserting attachment...
[25/Sep/2020:11:33:22] (S): Attachment inserted
[25/Sep/2020:11:33:22] (S): Processed attachment.
[25/Sep/2020:11:33:22] (P): Processing attachment: https://s33834.pcdn.co/onboarding/wp-content/uploads/sites/173/2018/12/nv-team4-1.jpg...
[25/Sep/2020:11:33:22] (P): Fetching attachment from url: https://s33834.pcdn.co/onboarding/wp-content/uploads/sites/173/2018/12/nv-team4-1.jpg...
[25/Sep/2020:11:33:22] (S): Fetched remote attachment.
[25/Sep/2020:11:33:22] (P): Inserting attachment...
[25/Sep/2020:11:33:22] (S): Attachment inserted
[25/Sep/2020:11:33:22] (S): Processed attachment.
[25/Sep/2020:11:33:22] (P): Processing attachment: https://s33834.pcdn.co/onboarding/wp-content/uploads/sites/173/2019/03/orages-smoothie1.jpg...
[25/Sep/2020:11:33:22] (P): Fetching attachment from url: https://s33834.pcdn.co/onboarding/wp-content/uploads/sites/173/2019/03/orages-smoothie1.jpg...
[25/Sep/2020:11:33:22] (S): Fetched remote attachment.
[25/Sep/2020:11:33:22] (P): Inserting attachment...
[25/Sep/2020:11:33:22] (S): Attachment inserted
[25/Sep/2020:11:33:22] (S): Processed attachment.
[25/Sep/2020:11:33:22] (P): Processing attachment: https://s33834.pcdn.co/onboarding/wp-content/uploads/sites/173/2019/03/banana-strawbery-smoothie1.jpg...
[25/Sep/2020:11:33:22] (P): Fetching attachment from url: https://s33834.pcdn.co/onboarding/wp-content/uploads/sites/173/2019/03/banana-strawbery-smoothie1.jpg...
[25/Sep/2020:11:33:22] (S): Fetched remote attachment.
[25/Sep/2020:11:33:22] (P): Inserting attachment...
[25/Sep/2020:11:33:22] (S): Attachment inserted
[25/Sep/2020:11:33:22] (S): Processed attachment.
[25/Sep/2020:11:33:22] (P): Processing attachment: https://s33834.pcdn.co/onboarding/wp-content/uploads/sites/173/2019/03/cucumber-water1.jpg...
[25/Sep/2020:11:33:22] (P): Fetching attachment from url: https://s33834.pcdn.co/onboarding/wp-content/uploads/sites/173/2019/03/cucumber-water1.jpg...
[25/Sep/2020:11:33:22] (S): Fetched remote attachment.
[25/Sep/2020:11:33:22] (P): Inserting attachment...
[25/Sep/2020:11:33:22] (S): Attachment inserted
[25/Sep/2020:11:33:22] (S): Processed attachment.
[25/Sep/2020:11:33:22] (P): Processing attachment: https://s33834.pcdn.co/onboarding/wp-content/uploads/sites/173/2019/03/lemonade1.jpg...
[25/Sep/2020:11:33:22] (P): Fetching attachment from url: https://s33834.pcdn.co/onboarding/wp-content/uploads/sites/173/2019/03/lemonade1.jpg...
[25/Sep/2020:11:33:22] (S): Fetched remote attachment.
[25/Sep/2020:11:33:22] (P): Inserting attachment...
[25/Sep/2020:11:33:22] (S): Attachment inserted
[25/Sep/2020:11:33:22] (S): Processed attachment.
[25/Sep/2020:11:33:22] (P): Processing attachment: https://s33834.pcdn.co/onboarding/wp-content/uploads/sites/173/2019/03/citronnade1.jpg...
[25/Sep/2020:11:33:22] (P): Fetching attachment from url: https://s33834.pcdn.co/onboarding/wp-content/uploads/sites/173/2019/03/citronnade1.jpg...
[25/Sep/2020:11:33:22] (S): Fetched remote attachment.
[25/Sep/2020:11:33:22] (P): Inserting attachment...
[25/Sep/2020:11:33:22] (S): Attachment inserted
[25/Sep/2020:11:33:22] (S): Processed attachment.
[25/Sep/2020:11:33:22] (P): Processing attachment: https://s33834.pcdn.co/onboarding/wp-content/uploads/sites/173/2019/01/blog-3.jpg...
[25/Sep/2020:11:33:22] (P): Fetching attachment from url: https://s33834.pcdn.co/onboarding/wp-content/uploads/sites/173/2019/01/blog-3.jpg...
[25/Sep/2020:11:33:23] (S): Fetched remote attachment.
[25/Sep/2020:11:33:23] (P): Inserting attachment...
[25/Sep/2020:11:33:23] (S): Attachment inserted
[25/Sep/2020:11:33:23] (S): Processed attachment.
[25/Sep/2020:11:33:23] (P): Processing attachment: https://s33834.pcdn.co/onboarding/wp-content/uploads/sites/173/2018/09/blog-2.jpg...
[25/Sep/2020:11:33:23] (P): Fetching attachment from url: https://s33834.pcdn.co/onboarding/wp-content/uploads/sites/173/2018/09/blog-2.jpg...
[25/Sep/2020:11:33:23] (S): Fetched remote attachment.
[25/Sep/2020:11:33:23] (P): Inserting attachment...
[25/Sep/2020:11:33:23] (S): Attachment inserted
[25/Sep/2020:11:33:23] (S): Processed attachment.
[25/Sep/2020:11:33:23] (P): Processing attachment: https://s33834.pcdn.co/onboarding/wp-content/uploads/sites/173/2018/09/blog-1.jpg...
[25/Sep/2020:11:33:23] (P): Fetching attachment from url: https://s33834.pcdn.co/onboarding/wp-content/uploads/sites/173/2018/09/blog-1.jpg...
[25/Sep/2020:11:33:23] (S): Fetched remote attachment.
[25/Sep/2020:11:33:23] (P): Inserting attachment...
[25/Sep/2020:11:33:23] (S): Attachment inserted
[25/Sep/2020:11:33:23] (S): Processed attachment.
[25/Sep/2020:11:33:23] (P): Inserting page: Blog .
[25/Sep/2020:11:33:23] (S): Done inserting page: Blog .
[25/Sep/2020:11:33:23] (P): Inserting page: Home .
[25/Sep/2020:11:33:23] (S): Done inserting page: Home .
[25/Sep/2020:11:33:23] (P): Filtering elementor meta...
[25/Sep/2020:11:33:23] (S): Filtered elementor meta.
[25/Sep/2020:11:33:23] (P): Inserting custom_css: neve .
[25/Sep/2020:11:33:23] (S): Done inserting custom_css: neve .
[25/Sep/2020:11:33:23] (P): Processing attachment: https://s33834.pcdn.co/onboarding/wp-content/uploads/sites/173/2018/12/street-at-night.jpg...
[25/Sep/2020:11:33:23] (P): Fetching attachment from url: https://s33834.pcdn.co/onboarding/wp-content/uploads/sites/173/2018/12/street-at-night.jpg...
[25/Sep/2020:11:33:24] (S): Fetched remote attachment.
[25/Sep/2020:11:33:24] (P): Inserting attachment...
[25/Sep/2020:11:33:24] (S): Attachment inserted
[25/Sep/2020:11:33:24] (S): Processed attachment.
[25/Sep/2020:11:33:24] (P): Processing single menu item ' About us '...
[25/Sep/2020:11:33:24] (S): Processed single menu item.
[25/Sep/2020:11:33:24] (P): Processing single menu item ' Our Focus '...
[25/Sep/2020:11:33:24] (S): Processed single menu item.
[25/Sep/2020:11:33:24] (P): Processing single menu item ' Our Team '...
[25/Sep/2020:11:33:24] (S): Processed single menu item.
[25/Sep/2020:11:33:24] (P): Processing single menu item ' Features '...
[25/Sep/2020:11:33:24] (S): Processed single menu item.
[25/Sep/2020:11:33:24] (P): Processing single menu item ' Pricing '...
[25/Sep/2020:11:33:24] (S): Processed single menu item.
[25/Sep/2020:11:33:24] (P): Processing single menu item ' Testimonials '...
[25/Sep/2020:11:33:24] (S): Processed single menu item.
[25/Sep/2020:11:33:24] (P): Processing single menu item ' Contact us '...
[25/Sep/2020:11:33:24] (S): Processed single menu item.
[25/Sep/2020:11:33:24] (P): Processing attachment: https://s33834.pcdn.co/onboarding/wp-content/uploads/sites/173/2019/03/fruits-mix-smoothie-new.jpg...
[25/Sep/2020:11:33:24] (P): Fetching attachment from url: https://s33834.pcdn.co/onboarding/wp-content/uploads/sites/173/2019/03/fruits-mix-smoothie-new.jpg...
[25/Sep/2020:11:33:25] (S): Fetched remote attachment.
[25/Sep/2020:11:33:25] (P): Inserting attachment...
[25/Sep/2020:11:33:25] (S): Attachment inserted
[25/Sep/2020:11:33:25] (S): Processed attachment.
[25/Sep/2020:11:33:25] (P): Processing attachment: https://s33834.pcdn.co/onboarding/wp-content/uploads/sites/173/2019/03/cucumber-lime-water-new.jpg...
[25/Sep/2020:11:33:25] (P): Fetching attachment from url: https://s33834.pcdn.co/onboarding/wp-content/uploads/sites/173/2019/03/cucumber-lime-water-new.jpg...
[25/Sep/2020:11:33:25] (S): Fetched remote attachment.
[25/Sep/2020:11:33:25] (P): Inserting attachment...
[25/Sep/2020:11:33:25] (S): Attachment inserted
[25/Sep/2020:11:33:25] (S): Processed attachment.
[25/Sep/2020:11:33:25] (P): Processing attachment: https://s33834.pcdn.co/onboarding/wp-content/uploads/sites/173/2019/03/apple-cucumbert-smoothie.jpg...
[25/Sep/2020:11:33:25] (P): Fetching attachment from url: https://s33834.pcdn.co/onboarding/wp-content/uploads/sites/173/2019/03/apple-cucumbert-smoothie.jpg...
[25/Sep/2020:11:33:26] (S): Fetched remote attachment.
[25/Sep/2020:11:33:26] (P): Inserting attachment...
[25/Sep/2020:11:33:26] (S): Attachment inserted
[25/Sep/2020:11:33:26] (S): Processed attachment.
[25/Sep/2020:11:33:26] (P): Processing attachment: https://s33834.pcdn.co/onboarding/wp-content/uploads/sites/173/2019/03/apple-peppermint-smoothie-new.jpg...
[25/Sep/2020:11:33:26] (P): Fetching attachment from url: https://s33834.pcdn.co/onboarding/wp-content/uploads/sites/173/2019/03/apple-peppermint-smoothie-new.jpg...
[25/Sep/2020:11:33:26] (S): Fetched remote attachment.
[25/Sep/2020:11:33:26] (P): Inserting attachment...
[25/Sep/2020:11:33:26] (S): Attachment inserted
[25/Sep/2020:11:33:26] (S): Processed attachment.
[25/Sep/2020:11:33:26] (P): Processing single menu item ' '...
[25/Sep/2020:11:33:26] (P): Processing single menu item ' '...
[25/Sep/2020:11:33:26] (S): Processed single menu item.
[25/Sep/2020:11:33:26] (P): Processing attachment: https://s33834.pcdn.co/onboarding/wp-content/uploads/sites/173/2019/01/blog-4.jpg...
[25/Sep/2020:11:33:26] (P): Fetching attachment from url: https://s33834.pcdn.co/onboarding/wp-content/uploads/sites/173/2019/01/blog-4.jpg...
[25/Sep/2020:11:33:27] (S): Fetched remote attachment.
[25/Sep/2020:11:33:27] (P): Inserting attachment...
[25/Sep/2020:11:33:27] (S): Attachment inserted
[25/Sep/2020:11:33:27] (S): Processed attachment.
[25/Sep/2020:11:33:27] (P): Processing single menu item ' Sections '...
[25/Sep/2020:11:33:27] (S): Processed single menu item.
[25/Sep/2020:11:33:27] (P): Processing attachment: https://s33834.pcdn.co/onboarding/wp-content/uploads/sites/173/woocommerce-placeholder.png...
[25/Sep/2020:11:33:27] (P): Fetching attachment from url: https://s33834.pcdn.co/onboarding/wp-content/uploads/sites/173/woocommerce-placeholder.png...
[25/Sep/2020:11:33:27] (S): Fetched remote attachment.
[25/Sep/2020:11:33:27] (P): Inserting attachment...
[25/Sep/2020:11:33:27] (S): Attachment inserted
[25/Sep/2020:11:33:27] (S): Processed attachment.
[25/Sep/2020:11:33:27] (P): Inserting post: We rise by lifting others .
[25/Sep/2020:11:33:28] (S): Done inserting post: We rise by lifting others .
[25/Sep/2020:11:33:28] (P): Inserting post: Actually, you can .
[25/Sep/2020:11:33:28] (S): Done inserting post: Actually, you can .
[25/Sep/2020:11:33:28] (P): Inserting post: And so the adventure begins .
[25/Sep/2020:11:33:28] (S): Done inserting post: And so the adventure begins .
[25/Sep/2020:11:33:28] (P): Inserting post: Take the risk or lose the chance .
[25/Sep/2020:11:33:28] (S): Done inserting post: Take the risk or lose the chance .
[25/Sep/2020:11:33:28] (S): Processed posts.
[25/Sep/2020:11:33:28] (P): Processing single menu item ' '...
[25/Sep/2020:11:33:28] (P): Cleaning up import with id ...
[25/Sep/2020:11:33:28] (P): Done cleanup. Flushing cache...
[25/Sep/2020:11:33:28] (P): Flushed cache. Removing temporary data..
[25/Sep/2020:11:33:28] (S): Done importing
[25/Sep/2020:11:33:28] (P): Busting elementor cache
[25/Sep/2020:11:33:28] (S): Front page set up with id: 91.
[25/Sep/2020:11:33:28] (P): Setting up shop page.
[25/Sep/2020:11:33:28] (S): No WooCommerce.
